2017/09/14 17:40:25.979;TRACE;(Config.java:46);Creating the Config object
2017/09/14 17:40:25.981;TRACE;(Config.java:34);Creating the Config object
2017/09/14 17:40:25.981;TRACE;(Config.java:61);Executing the function to read the Config.xml file content mentioned as:./Configuration/Config.xml
2017/09/14 17:40:25.982; INFO;(Config.java:62);Reading the Configuartion file
2017/09/14 17:40:25.982; INFO;(ReadXML.java:51);Started reading of the xml file: ./Configuration/Config.xml
2017/09/14 17:40:26.57; INFO;(ReadXML.java:56);Completed reading of the xml file: ./Configuration/Config.xml
2017/09/14 17:40:26.59;TRACE;(Config.java:71);Fetching for the name and value attribute values from the Coniguration file
2017/09/14 17:40:26.59;TRACE;(Config.java:71);Fetching for the name and value attribute values from the Coniguration file
2017/09/14 17:40:26.60;TRACE;(Config.java:71);Fetching for the name and value attribute values from the Coniguration file
2017/09/14 17:40:26.60;TRACE;(Config.java:71);Fetching for the name and value attribute values from the Coniguration file
2017/09/14 17:40:26.60;TRACE;(Config.java:71);Fetching for the name and value attribute values from the Coniguration file
2017/09/14 17:40:26.60;TRACE;(Config.java:71);Fetching for the name and value attribute values from the Coniguration file
2017/09/14 17:40:26.60;TRACE;(Config.java:71);Fetching for the name and value attribute values from the Coniguration file
2017/09/14 17:40:26.60;TRACE;(Config.java:71);Fetching for the name and value attribute values from the Coniguration file
2017/09/14 17:40:26.61;TRACE;(Config.java:71);Fetching for the name and value attribute values from the Coniguration file
2017/09/14 17:40:26.61;TRACE;(Config.java:71);Fetching for the name and value attribute values from the Coniguration file
2017/09/14 17:40:26.62;TRACE;(Config.java:71);Fetching for the name and value attribute values from the Coniguration file
2017/09/14 17:40:26.62;TRACE;(Config.java:71);Fetching for the name and value attribute values from the Coniguration file
2017/09/14 17:40:26.62;TRACE;(Config.java:71);Fetching for the name and value attribute values from the Coniguration file
2017/09/14 17:40:26.62;TRACE;(Config.java:71);Fetching for the name and value attribute values from the Coniguration file
2017/09/14 17:40:26.62;TRACE;(Config.java:71);Fetching for the name and value attribute values from the Coniguration file
2017/09/14 17:40:26.62;TRACE;(Config.java:71);Fetching for the name and value attribute values from the Coniguration file
2017/09/14 17:40:26.63;TRACE;(Config.java:71);Fetching for the name and value attribute values from the Coniguration file
2017/09/14 17:40:26.63;TRACE;(Config.java:71);Fetching for the name and value attribute values from the Coniguration file
2017/09/14 17:40:26.63;TRACE;(Config.java:71);Fetching for the name and value attribute values from the Coniguration file
2017/09/14 17:40:26.63;TRACE;(Config.java:71);Fetching for the name and value attribute values from the Coniguration file
2017/09/14 17:40:26.63;TRACE;(Config.java:71);Fetching for the name and value attribute values from the Coniguration file
2017/09/14 17:40:26.63;TRACE;(Config.java:71);Fetching for the name and value attribute values from the Coniguration file
2017/09/14 17:40:26.63;TRACE;(Config.java:71);Fetching for the name and value attribute values from the Coniguration file
2017/09/14 17:40:26.63;TRACE;(Config.java:71);Fetching for the name and value attribute values from the Coniguration file
2017/09/14 17:40:26.64;TRACE;(Config.java:71);Fetching for the name and value attribute values from the Coniguration file
2017/09/14 17:40:26.64;TRACE;(Config.java:71);Fetching for the name and value attribute values from the Coniguration file
2017/09/14 17:40:26.64;TRACE;(Config.java:71);Fetching for the name and value attribute values from the Coniguration file
2017/09/14 17:40:26.64;TRACE;(Config.java:71);Fetching for the name and value attribute values from the Coniguration file
2017/09/14 17:40:26.64;TRACE;(Config.java:71);Fetching for the name and value attribute values from the Coniguration file
2017/09/14 17:40:26.64;TRACE;(Config.java:71);Fetching for the name and value attribute values from the Coniguration file
2017/09/14 17:40:26.64;TRACE;(Config.java:71);Fetching for the name and value attribute values from the Coniguration file
2017/09/14 17:40:26.65;TRACE;(Config.java:71);Fetching for the name and value attribute values from the Coniguration file
2017/09/14 17:40:26.65;TRACE;(Config.java:71);Fetching for the name and value attribute values from the Coniguration file
2017/09/14 17:40:26.65;TRACE;(Config.java:71);Fetching for the name and value attribute values from the Coniguration file
2017/09/14 17:40:26.65;TRACE;(Config.java:71);Fetching for the name and value attribute values from the Coniguration file
2017/09/14 17:40:26.65;TRACE;(Config.java:71);Fetching for the name and value attribute values from the Coniguration file
2017/09/14 17:40:26.65;TRACE;(Config.java:71);Fetching for the name and value attribute values from the Coniguration file
2017/09/14 17:40:26.65;TRACE;(Config.java:71);Fetching for the name and value attribute values from the Coniguration file
2017/09/14 17:40:26.65;TRACE;(Config.java:71);Fetching for the name and value attribute values from the Coniguration file
2017/09/14 17:40:26.65;TRACE;(Config.java:71);Fetching for the name and value attribute values from the Coniguration file
2017/09/14 17:40:26.66;TRACE;(Config.java:71);Fetching for the name and value attribute values from the Coniguration file
2017/09/14 17:40:26.66;TRACE;(Config.java:71);Fetching for the name and value attribute values from the Coniguration file
2017/09/14 17:40:26.66;TRACE;(Config.java:71);Fetching for the name and value attribute values from the Coniguration file
2017/09/14 17:40:26.66;TRACE;(Config.java:71);Fetching for the name and value attribute values from the Coniguration file
2017/09/14 17:40:26.66;TRACE;(Config.java:71);Fetching for the name and value attribute values from the Coniguration file
2017/09/14 17:40:26.66;TRACE;(Config.java:71);Fetching for the name and value attribute values from the Coniguration file
2017/09/14 17:40:26.66;TRACE;(Config.java:71);Fetching for the name and value attribute values from the Coniguration file
2017/09/14 17:40:26.66;TRACE;(Config.java:71);Fetching for the name and value attribute values from the Coniguration file
2017/09/14 17:40:26.66;TRACE;(Config.java:71);Fetching for the name and value attribute values from the Coniguration file
2017/09/14 17:40:26.67;TRACE;(Config.java:71);Fetching for the name and value attribute values from the Coniguration file
2017/09/14 17:40:26.67;TRACE;(Config.java:71);Fetching for the name and value attribute values from the Coniguration file
2017/09/14 17:40:26.67;TRACE;(Config.java:71);Fetching for the name and value attribute values from the Coniguration file
2017/09/14 17:40:26.67;TRACE;(Config.java:71);Fetching for the name and value attribute values from the Coniguration file
2017/09/14 17:40:26.67;TRACE;(Config.java:71);Fetching for the name and value attribute values from the Coniguration file
2017/09/14 17:40:26.67;TRACE;(Config.java:71);Fetching for the name and value attribute values from the Coniguration file
2017/09/14 17:40:26.67;TRACE;(Config.java:71);Fetching for the name and value attribute values from the Coniguration file
2017/09/14 17:40:26.67;TRACE;(Config.java:71);Fetching for the name and value attribute values from the Coniguration file
2017/09/14 17:40:26.67;TRACE;(Config.java:71);Fetching for the name and value attribute values from the Coniguration file
2017/09/14 17:40:26.67;TRACE;(Config.java:71);Fetching for the name and value attribute values from the Coniguration file
2017/09/14 17:40:26.68;TRACE;(Config.java:71);Fetching for the name and value attribute values from the Coniguration file
2017/09/14 17:40:26.68;TRACE;(Config.java:71);Fetching for the name and value attribute values from the Coniguration file
2017/09/14 17:40:26.68; INFO;(Config.java:75);Completed the reading of the Configuration file
2017/09/14 17:40:26.68;TRACE;(Config.java:48);Done the creation of Config object
2017/09/14 17:40:26.68;TRACE;(Config.java:91);Try to fecth the content form Configuration file with keyTestDataFilePath
2017/09/14 17:40:26.68;TRACE;(Config.java:93);Fetching the value from the Configuration file with key 'TestDataFilePath' and the result is './configuration/TestData.xls'
2017/09/14 17:40:26.278;TRACE;(Config.java:91);Try to fecth the content form Configuration file with keyTestDataFilePath
2017/09/14 17:40:26.278;TRACE;(Config.java:93);Fetching the value from the Configuration file with key 'TestDataFilePath' and the result is './configuration/TestData.xls'
2017/09/14 17:40:26.358;TRACE;(Config.java:91);Try to fecth the content form Configuration file with keyLog4JPropertiesFilePath
2017/09/14 17:40:26.358;TRACE;(Config.java:93);Fetching the value from the Configuration file with key 'Log4JPropertiesFilePath' and the result is './configuration/log4j.properties'
2017/09/14 17:40:26.360;TRACE;(Config.java:91);Try to fecth the content form Configuration file with keytestSuiteExecutionEngine
2017/09/14 17:40:26.360;TRACE;(Config.java:93);Fetching the value from the Configuration file with key 'testSuiteExecutionEngine' and the result is 'Selenium Webdriver'
2017/09/14 17:40:26.361;TRACE;(Config.java:91);Try to fecth the content form Configuration file with keyBrowserType
2017/09/14 17:40:26.361;TRACE;(Config.java:93);Fetching the value from the Configuration file with key 'BrowserType' and the result is 'chrome'
2017/09/14 17:40:26.361;TRACE;(Config.java:91);Try to fecth the content form Configuration file with keycloudExecution
2017/09/14 17:40:26.361;TRACE;(Config.java:93);Fetching the value from the Configuration file with key 'cloudExecution' and the result is 'NO'
2017/09/14 17:40:26.361;TRACE;(Config.java:91);Try to fecth the content form Configuration file with keyChromeDriverExecutablePath
2017/09/14 17:40:26.361;TRACE;(Config.java:93);Fetching the value from the Configuration file with key 'ChromeDriverExecutablePath' and the result is '.\\resources\\chromedriver_win32\\chromedriver.exe'
2017/09/14 17:40:26.381; INFO;(SetupSelenium.java:132);User had specified [WebDriverCommandSwitch] command switch for Chrome Browser
2017/09/14 17:40:26.386;DEBUG;(SetupSelenium.java:137);User had specified [WebDriverCommandSwitch] in command switch
2017/09/14 17:40:26.386;DEBUG;(SetupSelenium.java:143);Starting the Chrome driver with Command SwitchesWebDriverCommandSwitch
2017/09/14 17:40:29.791; INFO;(SetupSelenium.java:146);Successfully started WebDriver Google Chrome Driver with command switches
2017/09/14 17:40:31.88;TRACE;(Config.java:91);Try to fecth the content form Configuration file with keyAppURL
2017/09/14 17:40:31.88;TRACE;(Config.java:93);Fetching the value from the Configuration file with key 'AppURL' and the result is 'https://dctqa6x.eastus.cloudapp.azure.com/express/default.aspx'
2017/09/14 17:40:35.663;TRACE;(ObjectRepository.java:49);Initializing the ObjectRepository object
2017/09/14 17:40:35.663;TRACE;(ObjectRepository.java:37);Creating the ObjectRepository object
2017/09/14 17:40:35.664; INFO;(ObjectRepository.java:63);Reading the ObjectRepository file
2017/09/14 17:40:35.664;TRACE;(Config.java:91);Try to fecth the content form Configuration file with keyORFilePath
2017/09/14 17:40:35.664;TRACE;(Config.java:93);Fetching the value from the Configuration file with key 'ORFilePath' and the result is './Configuration/OR_MBG.xml'
2017/09/14 17:40:35.664; INFO;(ReadXML.java:51);Started reading of the xml file: ./Configuration/OR_MBG.xml
2017/09/14 17:40:35.677; INFO;(ReadXML.java:56);Completed reading of the xml file: ./Configuration/OR_MBG.xml
2017/09/14 17:40:35.679;TRACE;(ObjectRepository.java:81);Found the identifer for the object 'Spinner', the identifer is 'xpath' and the value is '//div[contains(@class,'x-panel-noborder')]'
2017/09/14 17:40:35.680;TRACE;(ObjectRepository.java:81);Found the identifer for the object 'Loading', the identifer is 'xpath' and the value is '//span[@id='loadingText']'
2017/09/14 17:40:35.680;TRACE;(ObjectRepository.java:81);Found the identifer for the object 'btnNext', the identifer is 'xpath' and the value is '//a[contains(text(),'Next')]'
2017/09/14 17:40:35.680;TRACE;(ObjectRepository.java:81);Found the identifer for the object 'btnPrevious', the identifer is 'xpath' and the value is '//a[contains(text(),'Previous')]'
2017/09/14 17:40:35.680;TRACE;(ObjectRepository.java:81);Found the identifer for the object 'divCommon_PageTitle', the identifer is 'xpath' and the value is '//div[@id='pageTitle']'
2017/09/14 17:40:35.680;TRACE;(ObjectRepository.java:81);Found the identifer for the object 'eleCommon_RatingMessages', the identifer is 'xpath' and the value is '//ul[@id='justMessages']/li'
2017/09/14 17:40:35.681;TRACE;(ObjectRepository.java:81);Found the identifer for the object 'btnContinue', the identifer is 'xpath' and the value is '//a[contains(text(),'Continue')]'
2017/09/14 17:40:35.681;TRACE;(ObjectRepository.java:81);Found the identifer for the object 'lnkSubmission', the identifer is 'xpath' and the value is '//a[contains(text(),'Submission')]'
2017/09/14 17:40:35.681;TRACE;(ObjectRepository.java:81);Found the identifer for the object 'chkOther', the identifer is 'xpath' and the value is '(//input[@fieldref='PolicyPrivateReReferral.MakeChanges_EffectiveDate'])[2]
			'
2017/09/14 17:40:35.681;TRACE;(ObjectRepository.java:81);Found the identifer for the object 'btnApprovedQuoteWithoutChanges', the identifer is 'xpath' and the value is '//a[contains(text(),'Approved Quote (without changes)')]
			'
2017/09/14 17:40:35.681;TRACE;(ObjectRepository.java:81);Found the identifer for the object 'btnApprovedQuoteWithoutChanges', the identifer is 'xpath' and the value is '//a[contains(text(),'Approved Quote (without changes)')]
			'
2017/09/14 17:40:35.681;TRACE;(ObjectRepository.java:81);Found the identifer for the object 'btnApprovedQuoteWithChanges', the identifer is 'xpath' and the value is '//a[contains(text(),'Approved Quote (with changes)')]'
2017/09/14 17:40:35.681;TRACE;(ObjectRepository.java:81);Found the identifer for the object 'lnkLogOut', the identifer is 'xpath' and the value is '//a[@id='id_LogOut']'
2017/09/14 17:40:35.682;TRACE;(ObjectRepository.java:81);Found the identifer for the object 'LnkWebPages', the identifer is 'xpath' and the value is '//div[@class='pageNav']//ul//li/a'
2017/09/14 17:40:35.682;TRACE;(ObjectRepository.java:81);Found the identifer for the object 'spanQuoteNumber', the identifer is 'xpath' and the value is '//span[@fieldref = 'PolicyOutput.QuoteNumber']'
2017/09/14 17:40:35.682;TRACE;(ObjectRepository.java:81);Found the identifer for the object 'txtSearch', the identifer is 'xpath' and the value is '//input[@id='quickSearchText']'
2017/09/14 17:40:35.682;TRACE;(ObjectRepository.java:81);Found the identifer for the object 'txtSearch', the identifer is 'xpath' and the value is '//input[@id='quickSearchText']'
2017/09/14 17:40:35.682;TRACE;(ObjectRepository.java:81);Found the identifer for the object 'btnSearch', the identifer is 'xpath' and the value is '//img[@id='imgid_quickSearch']'
2017/09/14 17:40:35.682;TRACE;(ObjectRepository.java:81);Found the identifer for the object 'divQuotes', the identifer is 'xpath' and the value is '//div[@id='quoteList_policyNumber']//a'
2017/09/14 17:40:35.682;TRACE;(ObjectRepository.java:81);Found the identifer for the object 'txtLogin_UserName', the identifer is 'xpath' and the value is '//input[@id='username']'
2017/09/14 17:40:35.682;TRACE;(ObjectRepository.java:81);Found the identifer for the object 'txtLogin_Password', the identifer is 'xpath' and the value is '//input[@id='password']'
2017/09/14 17:40:35.683;TRACE;(ObjectRepository.java:81);Found the identifer for the object 'lstLogin_Server', the identifer is 'xpath' and the value is '//select[@name='serverSelection']'
2017/09/14 17:40:35.683;TRACE;(ObjectRepository.java:81);Found the identifer for the object 'btnLogin_Submit', the identifer is 'xpath' and the value is '//input[@name='Submit']'
2017/09/14 17:40:35.683;TRACE;(ObjectRepository.java:81);Found the identifer for the object 'btnNewQuote_NewQuote', the identifer is 'xpath' and the value is '//a[@id='id_New']'
2017/09/14 17:40:35.683;TRACE;(ObjectRepository.java:81);Found the identifer for the object 'lstNewQuote_Agency', the identifer is 'xpath' and the value is '//select[@fieldref='data.AgencyID']'
2017/09/14 17:40:35.683;TRACE;(ObjectRepository.java:81);Found the identifer for the object 'lstNewQuote_Producer', the identifer is 'xpath' and the value is '//select[@fieldref='data.Producer']'
2017/09/14 17:40:35.683;TRACE;(ObjectRepository.java:81);Found the identifer for the object 'txtNewQuote_EffDate', the identifer is 'xpath' and the value is '//input[@fieldref='data.EffectiveDate']'
2017/09/14 17:40:35.684;TRACE;(ObjectRepository.java:81);Found the identifer for the object 'lstNewQuote_Line', the identifer is 'xpath' and the value is '//select[@fieldref='data.Line']'
2017/09/14 17:40:35.684;TRACE;(ObjectRepository.java:81);Found the identifer for the object 'lstNewQuote_State', the identifer is 'xpath' and the value is '//select[@fieldref='data.State']'
2017/09/14 17:40:35.684;TRACE;(ObjectRepository.java:81);Found the identifer for the object 'lstNewQuote_UseTransact', the identifer is 'xpath' and the value is '//select[@fieldref='data.UseTransact']'
2017/09/14 17:40:35.684;TRACE;(ObjectRepository.java:81);Found the identifer for the object 'lstNewQuote_Procision', the identifer is 'xpath' and the value is '//select[@fieldref='data.NewRatePlan_OnScreen']'
2017/09/14 17:40:35.684;TRACE;(ObjectRepository.java:81);Found the identifer for the object 'lstNewQuote_QuoteType', the identifer is 'xpath' and the value is '//select[@fieldref='data.QuoteType']'
2017/09/14 17:40:35.685;TRACE;(ObjectRepository.java:81);Found the identifer for the object 'btnNewQuote_StartQuote', the identifer is 'xpath' and the value is '//a[contains(text(),'Start Quote')]'
2017/09/14 17:40:35.685;TRACE;(ObjectRepository.java:81);Found the identifer for the object 'divApplicant_PageTitle', the identifer is 'xpath' and the value is '//div[contains(text(),'Applicant')]'
2017/09/14 17:40:35.685;TRACE;(ObjectRepository.java:81);Found the identifer for the object 'txtApplicant_ApplicantFirstName', the identifer is 'xpath' and the value is '(//input[@fieldref='InsuredOrPrincipalInput.FirstName'])[1]
			'
2017/09/14 17:40:35.685;TRACE;(ObjectRepository.java:81);Found the identifer for the object 'txtApplicant_ApplicantMI', the identifer is 'xpath' and the value is '(//input[@fielditems='MI_string_opt_'])[1]'
2017/09/14 17:40:35.685;TRACE;(ObjectRepository.java:81);Found the identifer for the object 'txtApplicant_ApplicantLastName', the identifer is 'xpath' and the value is '(//input[@fieldref='InsuredOrPrincipalInput.LastName'])[1]
			'
2017/09/14 17:40:35.685;TRACE;(ObjectRepository.java:81);Found the identifer for the object 'txtApplicant_SocialSecurityNumber1', the identifer is 'xpath' and the value is '(//input[@type='password'])[1]'
2017/09/14 17:40:35.685;TRACE;(ObjectRepository.java:81);Found the identifer for the object 'txtApplicant_SocialSecurityNumber2', the identifer is 'xpath' and the value is '(//input[@type='password'])[2]'
2017/09/14 17:40:35.686;TRACE;(ObjectRepository.java:81);Found the identifer for the object 'txtApplicant_SocialSecurityNumber3', the identifer is 'xpath' and the value is '//input[@size='4']'
2017/09/14 17:40:35.686;TRACE;(ObjectRepository.java:81);Found the identifer for the object 'lstApplicant_MaritalStatus', the identifer is 'xpath' and the value is '//select[@fieldref='InsuredOrPrincipalInput.MaritalStatus']
			'
2017/09/14 17:40:35.686;TRACE;(ObjectRepository.java:81);Found the identifer for the object 'txtApplicant_ApplicantDOB', the identifer is 'xpath' and the value is '//input[@fieldref='InsuredOrPrincipalInput.DateOfBirth']
			'
2017/09/14 17:40:35.686;TRACE;(ObjectRepository.java:81);Found the identifer for the object 'txtApplicant_NamedInsuredFirstName', the identifer is 'xpath' and the value is '(//input[@fieldref='InsuredOrPrincipalInput.FirstName'])[2]
			'
2017/09/14 17:40:35.686;TRACE;(ObjectRepository.java:81);Found the identifer for the object 'btnNamedInsured', the identifer is 'xpath' and the value is '//a[contains(text(),'Add Named Insured')]'
2017/09/14 17:40:35.686;TRACE;(ObjectRepository.java:81);Found the identifer for the object 'txtApplicant_NamedInsuredMI', the identifer is 'xpath' and the value is '(//input[@fielditems='MI_string_opt_'])[2]
			'
2017/09/14 17:40:35.686;TRACE;(ObjectRepository.java:81);Found the identifer for the object 'txtApplicant_NamedInsuredLastName', the identifer is 'xpath' and the value is '(//input[@fieldref='InsuredOrPrincipalInput.LastName'])[2]
			'
2017/09/14 17:40:35.687;TRACE;(ObjectRepository.java:81);Found the identifer for the object 'lstDoseNamedInsuredneedtobeListed', the identifer is 'xpath' and the value is '//select[@fieldref='InsuredOrPrincipalInput.Driver']'
2017/09/14 17:40:35.687;TRACE;(ObjectRepository.java:81);Found the identifer for the object 'lstAreAnyVehiclesNotSolelyOwned', the identifer is 'xpath' and the value is '//select[@fieldref='InsuredOrPrincipalInput.AnyVehiclesSolelyOwned']'
2017/09/14 17:40:35.687;TRACE;(ObjectRepository.java:81);Found the identifer for the object 'txtApplicant_NamedInsuredSocialSecurityNumber1', the identifer is 'xpath' and the value is '(//input[@type='password'])[3]'
2017/09/14 17:40:35.687;TRACE;(ObjectRepository.java:81);Found the identifer for the object 'txtApplicant_NamedInsuredSocialSecurityNumber2', the identifer is 'xpath' and the value is '(//input[@type='password'])[4]'
2017/09/14 17:40:35.687;TRACE;(ObjectRepository.java:81);Found the identifer for the object 'txtApplicant_NamedInsuredSocialSecurityNumber3', the identifer is 'xpath' and the value is '(//input[@size='4'])[2]'
2017/09/14 17:40:35.687;TRACE;(ObjectRepository.java:81);Found the identifer for the object 'lstApplicant_NamedInsuredMaritalStatus', the identifer is 'xpath' and the value is '(//select[@fieldref='InsuredOrPrincipalInput.MaritalStatus'])[2]
			'
2017/09/14 17:40:35.687;TRACE;(ObjectRepository.java:81);Found the identifer for the object 'txtApplicant_NamedInsuredApplicantDOB', the identifer is 'xpath' and the value is '(//input[@fieldref='InsuredOrPrincipalInput.DateOfBirth'])[2]
			'
2017/09/14 17:40:35.687;TRACE;(ObjectRepository.java:81);Found the identifer for the object 'txtApplicant_YearsResidenceLT3Previoustitle', the identifer is 'xpath' and the value is '//span[contains(text(),"Previous")]'
2017/09/14 17:40:35.688;TRACE;(ObjectRepository.java:81);Found the identifer for the object 'txtApplicant_YearsResidenceLT3InsuredStreetAddress', the identifer is 'xpath' and the value is '//input[@fieldref='LocationsInput.Address1']'
2017/09/14 17:40:35.688;TRACE;(ObjectRepository.java:81);Found the identifer for the object 'txtApplicant_YearsResidenceLT3InsuredAddress2', the identifer is 'xpath' and the value is '//input[@fieldref='LocationsInput.Address2']'
2017/09/14 17:40:35.688;TRACE;(ObjectRepository.java:81);Found the identifer for the object 'txtApplicant_YearsResidenceLT3InsuredCity', the identifer is 'xpath' and the value is '//input[@fieldref='LocationsInput.City']'
2017/09/14 17:40:35.688;TRACE;(ObjectRepository.java:81);Found the identifer for the object 'lstApplicant_YearsResidenceLT3InsuredState', the identifer is 'xpath' and the value is '//select[@fieldref='LocationsInput.State']'
2017/09/14 17:40:35.688;TRACE;(ObjectRepository.java:81);Found the identifer for the object 'txtApplicant_YearsResidenceLT3InsuredZipCode', the identifer is 'xpath' and the value is '//input[@fieldref='LocationsInput.ZipCodeDisplay']'
2017/09/14 17:40:35.688;TRACE;(ObjectRepository.java:81);Found the identifer for the object 'lstApplicant_OverrideAddress', the identifer is 'xpath' and the value is '(//input[@fieldref="LocationsInput.AddressOverridden"])[2]'
2017/09/14 17:40:35.689;TRACE;(ObjectRepository.java:81);Found the identifer for the object 'txtApplicant_Mailingtitle', the identifer is 'xpath' and the value is '//span[contains(text(),"Mailing")]'
2017/09/14 17:40:35.689;TRACE;(ObjectRepository.java:81);Found the identifer for the object 'txtApplicant_MailingStreetAddress', the identifer is 'xpath' and the value is '//input[@fieldref='LocationsInput.Address1']'
2017/09/14 17:40:35.689;TRACE;(ObjectRepository.java:81);Found the identifer for the object 'txtApplicant_MailingInsuredAddress2', the identifer is 'xpath' and the value is '//input[@fieldref='LocationsInput.Address2']'
2017/09/14 17:40:35.689;TRACE;(ObjectRepository.java:81);Found the identifer for the object 'txtApplicant_MailingInsuredCity', the identifer is 'xpath' and the value is '//input[@fieldref='LocationsInput.City']'
2017/09/14 17:40:35.689;TRACE;(ObjectRepository.java:81);Found the identifer for the object 'lstApplicant_MailingInsuredState', the identifer is 'xpath' and the value is '//select[@fieldref='LocationsInput.State']'
2017/09/14 17:40:35.689;TRACE;(ObjectRepository.java:81);Found the identifer for the object 'txtApplicant_MailingInsuredZipCode', the identifer is 'xpath' and the value is '//input[@fieldref='LocationsInput.ZipCodeDisplay']'
2017/09/14 17:40:35.690;TRACE;(ObjectRepository.java:81);Found the identifer for the object 'lstApplicant_ReasonForChange', the identifer is 'xpath' and the value is '//select[@fieldref='LocationsInput.ReasonForAddressChange']'
2017/09/14 17:40:35.690;TRACE;(ObjectRepository.java:81);Found the identifer for the object 'lstOtherLicnsedOperatorCount', the identifer is 'xpath' and the value is '//select[@fieldref='PolicyInput.AdditionalDrivers_Applicant']'
2017/09/14 17:40:35.690;TRACE;(ObjectRepository.java:81);Found the identifer for the object 'txtApplicant_InsuredStreetAddress', the identifer is 'xpath' and the value is '//input[@fieldref='LocationsInput.Address1']'
2017/09/14 17:40:35.690;TRACE;(ObjectRepository.java:81);Found the identifer for the object 'txtApplicant_InsuredAddress2', the identifer is 'xpath' and the value is '//input[@fieldref='LocationsInput.Address2']'
2017/09/14 17:40:35.690;TRACE;(ObjectRepository.java:81);Found the identifer for the object 'txtApplicant_InsuredCity', the identifer is 'xpath' and the value is '//input[@fieldref='LocationsInput.City']'
2017/09/14 17:40:35.690;TRACE;(ObjectRepository.java:81);Found the identifer for the object 'txtApplicant_InsuredZipCode', the identifer is 'xpath' and the value is '//input[@fieldref='LocationsInput.ZipCodeDisplay']'
2017/09/14 17:40:35.690;TRACE;(ObjectRepository.java:81);Found the identifer for the object 'lstApplicant_InsuredCountry', the identifer is 'xpath' and the value is '//select[@fieldref='LocationsInput.County']'
2017/09/14 17:40:35.691;TRACE;(ObjectRepository.java:81);Found the identifer for the object 'lstApplicant_InsuredYearsResidence', the identifer is 'xpath' and the value is '//select[@fieldref='PolicyInput.YearsAtCurrentResidence']
			'
2017/09/14 17:40:35.691;TRACE;(ObjectRepository.java:81);Found the identifer for the object 'lstApplicant_InsuredCurrentAddressAsMailing', the identifer is 'xpath' and the value is '//select[@fieldref='PolicyInput.CurrentSameAsMailing']'
2017/09/14 17:40:35.691;TRACE;(ObjectRepository.java:81);Found the identifer for the object 'txtApplicant_InsuredEffectiveDate', the identifer is 'xpath' and the value is '//input[@fieldref='PolicyInput.EffectiveDate']'
2017/09/14 17:40:35.691;TRACE;(ObjectRepository.java:81);Found the identifer for the object 'lstApplicant_InsuredTerm', the identifer is 'xpath' and the value is '//select[@fieldref='PolicyInput.Term']'
2017/09/14 17:40:35.691;TRACE;(ObjectRepository.java:81);Found the identifer for the object 'txtApplicant_InsuredPhone', the identifer is 'xpath' and the value is '//input[@fieldref='InsuredOrPrincipalInput.PhoneNumberDisplay']
			'
2017/09/14 17:40:35.691;TRACE;(ObjectRepository.java:81);Found the identifer for the object 'txtApplicant_InsuredEmail', the identifer is 'xpath' and the value is '//input[@fieldref='InsuredOrPrincipalInput.EmailAddress']
			'
2017/09/14 17:40:35.691;TRACE;(ObjectRepository.java:81);Found the identifer for the object 'lstApplicant_InsuredTypeOfBusiness', the identifer is 'xpath' and the value is '//select[@fieldref='PolicyInput.TypeOfBusiness']'
2017/09/14 17:40:35.692;TRACE;(ObjectRepository.java:81);Found the identifer for the object 'txtCurrentPolicyNumber', the identifer is 'xpath' and the value is '//input[@fieldref='PolicyInput.TypeOfBusiness_Rewrite_MBGPolicyNumber']'
2017/09/14 17:40:35.692;TRACE;(ObjectRepository.java:81);Found the identifer for the object 'lstApplicant_ReasonForRewrite', the identifer is 'xpath' and the value is '//select[@fieldref='PolicyInput.TypeOfBusiness_Rewrite_Reason']'
2017/09/14 17:40:35.692;TRACE;(ObjectRepository.java:81);Found the identifer for the object 'txtExplain', the identifer is 'xpath' and the value is '//input[@fieldref='PolicyInput.TypeOfBusiness_Rewrite_Explain']'
2017/09/14 17:40:35.692;TRACE;(ObjectRepository.java:81);Found the identifer for the object 'btnApplicant_Next', the identifer is 'xpath' and the value is '//a[contains(text(),'Next')]'
2017/09/14 17:40:35.692;TRACE;(ObjectRepository.java:81);Found the identifer for the object 'lnkDrivers_DeleteLst', the identifer is 'xpath' and the value is '//a[contains(text(),'Delete')]'
2017/09/14 17:40:35.692;TRACE;(ObjectRepository.java:81);Found the identifer for the object 'lnkDetailsLst', the identifer is 'xpath' and the value is '//a[contains(text(),'Detail')]'
2017/09/14 17:40:35.692;TRACE;(ObjectRepository.java:81);Found the identifer for the object 'divDrivers_PageTitle', the identifer is 'xpath' and the value is '//div[contains(text(),'Drivers')]'
2017/09/14 17:40:35.693;TRACE;(ObjectRepository.java:81);Found the identifer for the object 'lnkDetail', the identifer is 'xpath' and the value is '(//a[contains(text(),'Detail')])[2]'
2017/09/14 17:40:35.693;TRACE;(ObjectRepository.java:81);Found the identifer for the object 'btnAddDriver', the identifer is 'xpath' and the value is '//a[contains(text(),'Add Driver')]'
2017/09/14 17:40:35.693;TRACE;(ObjectRepository.java:81);Found the identifer for the object 'chkMVR', the identifer is 'xpath' and the value is '//div[@id='interviewList_DriverInput.OrderMVR']//div'
2017/09/14 17:40:35.693;TRACE;(ObjectRepository.java:81);Found the identifer for the object 'chDoNotIncludeDriverAssignment', the identifer is 'xpath' and the value is '(//input[@fieldref='DriverInput.DoNotIncludeInDriverAssignment'])[2]//div
			'
2017/09/14 17:40:35.693;TRACE;(ObjectRepository.java:81);Found the identifer for the object 'divLicenseNumber', the identifer is 'xpath' and the value is '//div[@id='interviewList_DriverInput.DriversLicenseNumber']
			'
2017/09/14 17:40:35.693;TRACE;(ObjectRepository.java:81);Found the identifer for the object 'lstframeReasonDeleted', the identifer is 'xpath' and the value is '//select[@fieldref='DriverInput.ReasonDeleted']
			'
2017/09/14 17:40:35.694;TRACE;(ObjectRepository.java:81);Found the identifer for the object 'btnframeDeleteDriver', the identifer is 'xpath' and the value is '//a[contains(text(),'Delete Driver')]
			'
2017/09/14 17:40:35.694;TRACE;(ObjectRepository.java:81);Found the identifer for the object 'txtDriverFirstName', the identifer is 'xpath' and the value is '//input[@fieldref='DriverInput.FirstName']'
2017/09/14 17:40:35.694;TRACE;(ObjectRepository.java:81);Found the identifer for the object 'txtDriverMI', the identifer is 'xpath' and the value is '//input[@fieldref='DriverInput.MiddleInitial']'
2017/09/14 17:40:35.694;TRACE;(ObjectRepository.java:81);Found the identifer for the object 'txtDriverLastName', the identifer is 'xpath' and the value is '//input[@fieldref='DriverInput.LastName']'
2017/09/14 17:40:35.694;TRACE;(ObjectRepository.java:81);Found the identifer for the object 'txtDriverDateOfBirth', the identifer is 'xpath' and the value is '//input[@fieldref='DriverInput.DateOfBirth']'
2017/09/14 17:40:35.694;TRACE;(ObjectRepository.java:81);Found the identifer for the object 'lstGender', the identifer is 'xpath' and the value is '//select[@fieldref='DriverInput.Gender']'
2017/09/14 17:40:35.695;TRACE;(ObjectRepository.java:81);Found the identifer for the object 'lstMaritalStatus', the identifer is 'xpath' and the value is '//select[@fieldref='DriverInput.MaritalStatus']'
2017/09/14 17:40:35.695;TRACE;(ObjectRepository.java:81);Found the identifer for the object 'lstRelationToApplicant', the identifer is 'xpath' and the value is '//select[@fieldref='DriverInput.RelationToApplicant']'
2017/09/14 17:40:35.695;TRACE;(ObjectRepository.java:81);Found the identifer for the object 'txtDateLicensed', the identifer is 'xpath' and the value is '//input[@fieldref='DriverInput.DateLicensed']'
2017/09/14 17:40:35.695;TRACE;(ObjectRepository.java:81);Found the identifer for the object 'lstOccupation', the identifer is 'xpath' and the value is '//select[@fieldref='DriverInput.Occupation_OnScreen']'
2017/09/14 17:40:35.695;TRACE;(ObjectRepository.java:81);Found the identifer for the object 'txtDriver_SocialSecurityNumber1', the identifer is 'xpath' and the value is '(//input[@type='password'])[1]'
2017/09/14 17:40:35.695;TRACE;(ObjectRepository.java:81);Found the identifer for the object 'txtDriver_SocialSecurityNumber2', the identifer is 'xpath' and the value is '(//input[@type='password'])[2]'
2017/09/14 17:40:35.695;TRACE;(ObjectRepository.java:81);Found the identifer for the object 'txtDriver_SocialSecurityNumber3', the identifer is 'xpath' and the value is '//input[@size='4']'
2017/09/14 17:40:35.695;TRACE;(ObjectRepository.java:81);Found the identifer for the object 'lstLicenseState', the identifer is 'xpath' and the value is '//select[@fieldref='DriverInput.LicenseState']'
2017/09/14 17:40:35.696;TRACE;(ObjectRepository.java:81);Found the identifer for the object 'txtDriversLicenseNumber', the identifer is 'xpath' and the value is '//input[@fieldref ='DriverInput.DriversLicenseNumber']'
2017/09/14 17:40:35.696;TRACE;(ObjectRepository.java:81);Found the identifer for the object 'chkDontIncludeAsAssignedDriver', the identifer is 'xpath' and the value is '(//input[@fieldref='DriverInput.DoNotIncludeInDriverAssignment'])[2]'
2017/09/14 17:40:35.696;TRACE;(ObjectRepository.java:81);Found the identifer for the object 'lstReason', the identifer is 'xpath' and the value is '//select[@fieldref='DriverInput.DoNotIncludeInDriverAssignmentReason']
			'
2017/09/14 17:40:35.696;TRACE;(ObjectRepository.java:81);Found the identifer for the object 'chkDefenseDriver', the identifer is 'xpath' and the value is '//input[@fieldref ='DriverInput.DefensiveDriver']'
2017/09/14 17:40:35.696;TRACE;(ObjectRepository.java:81);Found the identifer for the object 'btnOK', the identifer is 'xpath' and the value is '//a[contains(text(),'OK')]'
2017/09/14 17:40:35.696;TRACE;(ObjectRepository.java:81);Found the identifer for the object 'btnEdit', the identifer is 'xpath' and the value is '//a[contains(text(),'Edit')]'
2017/09/14 17:40:35.696;TRACE;(ObjectRepository.java:81);Found the identifer for the object 'txtDriver_UpdateSSN1', the identifer is 'xpath' and the value is '//input[@size=3]'
2017/09/14 17:40:35.696;TRACE;(ObjectRepository.java:81);Found the identifer for the object 'txtDriver_UpdateSSN2', the identifer is 'xpath' and the value is '//input[@size=2]'
2017/09/14 17:40:35.697;TRACE;(ObjectRepository.java:81);Found the identifer for the object 'txtDriver_UpdateSSN3', the identifer is 'xpath' and the value is '//input[@size=4]'
2017/09/14 17:40:35.697;TRACE;(ObjectRepository.java:81);Found the identifer for the object 'btnUse', the identifer is 'xpath' and the value is '//a[contains(text(),'Use')]'
2017/09/14 17:40:35.697;TRACE;(ObjectRepository.java:81);Found the identifer for the object 'chkDriverTraining', the identifer is 'xpath' and the value is '(//input[@fieldref='DriverInput.DriverTraining'])[2]'
2017/09/14 17:40:35.697;TRACE;(ObjectRepository.java:81);Found the identifer for the object 'chkDistantStudent', the identifer is 'xpath' and the value is '(//input[@fieldref='DriverInput.DistantStudent'])[2]'
2017/09/14 17:40:35.697;TRACE;(ObjectRepository.java:81);Found the identifer for the object 'chkGoodStudent', the identifer is 'xpath' and the value is '(//input[@fieldref='DriverInput.GoodStudent'])[2]'
2017/09/14 17:40:35.697;TRACE;(ObjectRepository.java:81);Found the identifer for the object 'txtReportCardDate', the identifer is 'xpath' and the value is '//input[@fieldref='DriverInput.ReportCardDate']'
2017/09/14 17:40:35.697;TRACE;(ObjectRepository.java:81);Found the identifer for the object 'lstDistantStudentVehicleStatus', the identifer is 'xpath' and the value is '//select[@fieldref='DriverInput.DistantStudentVehicleStatus']
			'
2017/09/14 17:40:35.698;TRACE;(ObjectRepository.java:81);Found the identifer for the object 'lstAssignedReason', the identifer is 'xpath' and the value is '//select[@fieldref='DriverInput.DoNotIncludeInDriverAssignmentReason']'
2017/09/14 17:40:35.698;TRACE;(ObjectRepository.java:81);Found the identifer for the object 'lstPreviousLicenseState', the identifer is 'xpath' and the value is '//select[@fieldref='DriverInput.PrevLicenseState']'
2017/09/14 17:40:35.698;TRACE;(ObjectRepository.java:81);Found the identifer for the object 'txtpreviousLicenseNumber', the identifer is 'xpath' and the value is '//input[@fieldref='DriverInput.PrevDriversLicenseNumber']'
2017/09/14 17:40:35.698;TRACE;(ObjectRepository.java:81);Found the identifer for the object 'divViolations_PageTitle', the identifer is 'xpath' and the value is '//div[contains(text(),'Violations')]'
2017/09/14 17:40:35.698;TRACE;(ObjectRepository.java:81);Found the identifer for the object 'btnAddLoss', the identifer is 'xpath' and the value is '(//a[contains(text(),'Add Loss')])'
2017/09/14 17:40:35.698;TRACE;(ObjectRepository.java:81);Found the identifer for the object 'txtLossDate', the identifer is 'xpath' and the value is '//input[@fieldref='AccidentViolationInput.Date']'
2017/09/14 17:40:35.698;TRACE;(ObjectRepository.java:81);Found the identifer for the object 'chkExcludeReason', the identifer is 'xpath' and the value is '//input[@fieldref='AccidentViolationInput.ExcludedViolation']'
2017/09/14 17:40:35.699;TRACE;(ObjectRepository.java:81);Found the identifer for the object 'txtExcludeReason', the identifer is 'xpath' and the value is '//input[@fieldref='AccidentViolationOutput.ExclusionReason']'
2017/09/14 17:40:35.699;TRACE;(ObjectRepository.java:81);Found the identifer for the object 'lstLossCoverage', the identifer is 'xpath' and the value is '//select[@fieldref='Coverage.CoverageCode_ShownOnScreen']
			'
2017/09/14 17:40:35.699;TRACE;(ObjectRepository.java:81);Found the identifer for the object 'txtLossCollisionAmt', the identifer is 'xpath' and the value is '//input[@fieldref='Coverage.Amount']'
2017/09/14 17:40:35.699;TRACE;(ObjectRepository.java:81);Found the identifer for the object 'lstLossStatus', the identifer is 'xpath' and the value is '//select[@fieldref='Coverage.ClaimDisposition']'
2017/09/14 17:40:35.699;TRACE;(ObjectRepository.java:81);Found the identifer for the object 'lstLossFaultType', the identifer is 'xpath' and the value is '//select[@fieldref='Coverage.FaultType']'
2017/09/14 17:40:35.699;TRACE;(ObjectRepository.java:81);Found the identifer for the object 'txtLossDetails', the identifer is 'xpath' and the value is '//input[@fieldref='Coverage.LossDetails']'
2017/09/14 17:40:35.699;TRACE;(ObjectRepository.java:81);Found the identifer for the object 'btnAddViolation', the identifer is 'xpath' and the value is '(//a[contains(text(),'Add Violation')])'
2017/09/14 17:40:35.700;TRACE;(ObjectRepository.java:81);Found the identifer for the object 'txtViolationDate', the identifer is 'xpath' and the value is '//input[@fieldref='AccidentViolationInput.Date']'
2017/09/14 17:40:35.700;TRACE;(ObjectRepository.java:81);Found the identifer for the object 'lstViolationType', the identifer is 'xpath' and the value is '//select[@fieldref='AccidentViolationInput.Violation_ShownOnScreen_Description']
			'
2017/09/14 17:40:35.700;TRACE;(ObjectRepository.java:81);Found the identifer for the object 'txtDrivingRecordDescription', the identifer is 'xpath' and the value is '//input[@fieldref='AccidentViolationPrivate.DrivingRecordDescription']'
2017/09/14 17:40:35.700;TRACE;(ObjectRepository.java:81);Found the identifer for the object 'chkViolations_MVROverride', the identifer is 'xpath' and the value is '//input[@fieldref='DriverOutput.MVRReportOrdered_ManualOverride']'
2017/09/14 17:40:35.700;TRACE;(ObjectRepository.java:81);Found the identifer for the object 'divVehicals_PageTitle', the identifer is 'xpath' and the value is '//div[contains(text(),'Vehicles')]'
2017/09/14 17:40:35.700;TRACE;(ObjectRepository.java:81);Found the identifer for the object 'lstOtherMBGPolicy', the identifer is 'xpath' and the value is '//select[@fieldref='PolicyInput.OtherMBGAutoPolicy']'
2017/09/14 17:40:35.700;TRACE;(ObjectRepository.java:81);Found the identifer for the object 'divVINNumber', the identifer is 'xpath' and the value is '//div[@id='interviewList_VehicleInput.VIN']'
2017/09/14 17:40:35.701;TRACE;(ObjectRepository.java:81);Found the identifer for the object 'btnAddVehicle', the identifer is 'xpath' and the value is '//a[contains(text(),'Add Vehicle')]'
2017/09/14 17:40:35.701;TRACE;(ObjectRepository.java:81);Found the identifer for the object 'divVehicalsDetails_PageTitle', the identifer is 'xpath' and the value is '//div[contains(text(),'Vehicles Detail')]'
2017/09/14 17:40:35.701;TRACE;(ObjectRepository.java:81);Found the identifer for the object 'lstType', the identifer is 'xpath' and the value is '//select[@fieldref='VehicleInput.Type']'
2017/09/14 17:40:35.701;TRACE;(ObjectRepository.java:81);Found the identifer for the object 'lstAcceptVIN', the identifer is 'xpath' and the value is '(//input[@fieldref='CheckDigitCalculation.AcceptVin'])[2]'
2017/09/14 17:40:35.701;TRACE;(ObjectRepository.java:81);Found the identifer for the object 'txtVIN', the identifer is 'xpath' and the value is '//input[@fieldref='VehicleInput.VIN']'
2017/09/14 17:40:35.701;TRACE;(ObjectRepository.java:81);Found the identifer for the object 'txtYear', the identifer is 'xpath' and the value is '//input[@fieldref='VehicleInput.ModelYear']'
2017/09/14 17:40:35.701;TRACE;(ObjectRepository.java:81);Found the identifer for the object 'lstMake', the identifer is 'xpath' and the value is '//select[@fieldref='VehicleInput.Make_MEPriorTo1981']'
2017/09/14 17:40:35.702;TRACE;(ObjectRepository.java:81);Found the identifer for the object 'txtMake', the identifer is 'xpath' and the value is '//input[@fieldref='VehicleInput.Make']'
2017/09/14 17:40:35.702;TRACE;(ObjectRepository.java:81);Found the identifer for the object 'txtModel', the identifer is 'xpath' and the value is '//input[@fieldref='VehicleInput.Model']'
2017/09/14 17:40:35.702;TRACE;(ObjectRepository.java:81);Found the identifer for the object 'txtDescription', the identifer is 'xpath' and the value is '//input[@fieldref='VehicleInput.Description']'
2017/09/14 17:40:35.702;TRACE;(ObjectRepository.java:81);Found the identifer for the object 'lstTitle', the identifer is 'xpath' and the value is '//select[@fieldref='VehicleInput.TitleQuestion']'
2017/09/14 17:40:35.702;TRACE;(ObjectRepository.java:81);Found the identifer for the object 'lstVehicleRegisteredinPA', the identifer is 'xpath' and the value is '//select[@fieldref='VehicleInput.VehicleRegistrationQuestion']
			'
2017/09/14 17:40:35.702;TRACE;(ObjectRepository.java:81);Found the identifer for the object 'lstUsage', the identifer is 'xpath' and the value is '//select[@fieldref='VehicleInput.Usage']'
2017/09/14 17:40:35.702;TRACE;(ObjectRepository.java:81);Found the identifer for the object 'txtMiles', the identifer is 'xpath' and the value is '//input[@fieldref='VehicleInput.OneWayMileage']'
2017/09/14 17:40:35.702;TRACE;(ObjectRepository.java:81);Found the identifer for the object 'txtDetailsofBusinessUsage', the identifer is 'xpath' and the value is '//input[@fieldref='VehicleInput.DetailsOfBusinessUse']'
2017/09/14 17:40:35.703;TRACE;(ObjectRepository.java:81);Found the identifer for the object 'txtCostNew', the identifer is 'xpath' and the value is '//input[@fieldref='VehicleInput.CostNew']'
2017/09/14 17:40:35.703;TRACE;(ObjectRepository.java:81);Found the identifer for the object 'chkStatedAmount', the identifer is 'xpath' and the value is '(//input[@fieldref='VehicleInput.StatedAmount'])[2]'
2017/09/14 17:40:35.703;TRACE;(ObjectRepository.java:81);Found the identifer for the object 'txtInsurablValue', the identifer is 'xpath' and the value is '//input[@fieldref='VehicleInput.InsurableValue']'
2017/09/14 17:40:35.703;TRACE;(ObjectRepository.java:81);Found the identifer for the object 'chkAlternateGarage', the identifer is 'xpath' and the value is '(//input[@fieldref='VehicleGaraging.AlternateGarage'])[2]
			'
2017/09/14 17:40:35.703;TRACE;(ObjectRepository.java:81);Found the identifer for the object 'txtGarriageAddress', the identifer is 'xpath' and the value is '//input[@fieldref='VehicleGaraging.Address1']'
2017/09/14 17:40:35.703;TRACE;(ObjectRepository.java:81);Found the identifer for the object 'txtGarriageCity', the identifer is 'xpath' and the value is '//input[@fieldref='VehicleGaraging.City']'
2017/09/14 17:40:35.703;TRACE;(ObjectRepository.java:81);Found the identifer for the object 'lstGarriageState', the identifer is 'xpath' and the value is '//select[@fieldref='VehicleGaraging.State']'
2017/09/14 17:40:35.703;TRACE;(ObjectRepository.java:81);Found the identifer for the object 'lstGarriageStateChange', the identifer is 'xpath' and the value is '//select[@fieldref='VehicleGaraging.GarageStateChange']
			'
2017/09/14 17:40:35.704;TRACE;(ObjectRepository.java:81);Found the identifer for the object 'txtGarriageZip', the identifer is 'xpath' and the value is '//input[@fieldref='VehicleGaraging.AlternateGarageZipCode_Display']
			'
2017/09/14 17:40:35.704;TRACE;(ObjectRepository.java:81);Found the identifer for the object 'lstGarriageCounty', the identifer is 'xpath' and the value is '//select[@fieldref='VehicleGaraging.AlternateGarageCountyCode']
			'
2017/09/14 17:40:35.704;TRACE;(ObjectRepository.java:81);Found the identifer for the object 'lstAppliedToALlVehicles', the identifer is 'xpath' and the value is '//select[@fieldref='VehicleGaraging.AddressAppliesToAllVehicles']'
2017/09/14 17:40:35.704;TRACE;(ObjectRepository.java:81);Found the identifer for the object 'lstPassiveRestarint', the identifer is 'xpath' and the value is '//select[@fieldref='VehicleInput.AirBags_ShownOnScreen']
			'
2017/09/14 17:40:35.704;TRACE;(ObjectRepository.java:81);Found the identifer for the object 'lstAntiTheft', the identifer is 'xpath' and the value is '//select[@fieldref='VehicleInput.AntiTheft_ShownOnScreen']
			'
2017/09/14 17:40:35.704;TRACE;(ObjectRepository.java:81);Found the identifer for the object 'lstAntiLockBrakes', the identifer is 'xpath' and the value is '//select[@fieldref='VehicleInput.AntiLockBrakes_ShownOnScreen']
			'
2017/09/14 17:40:35.705;TRACE;(ObjectRepository.java:81);Found the identifer for the object 'divCoverageDetails_PageTitle', the identifer is 'xpath' and the value is '//div[contains(text(),'Coverages')]'
2017/09/14 17:40:35.705;TRACE;(ObjectRepository.java:81);Found the identifer for the object 'lstBI', the identifer is 'xpath' and the value is '//select[@fieldref='Coverages.BILimits']'
2017/09/14 17:40:35.705;TRACE;(ObjectRepository.java:81);Found the identifer for the object 'lstPersonalInjuryProtection', the identifer is 'xpath' and the value is '//select[@fieldref='Coverages.PIPLimit']'
2017/09/14 17:40:35.705;TRACE;(ObjectRepository.java:81);Found the identifer for the object 'lstMedicalPayments', the identifer is 'xpath' and the value is '//select[@fieldref='Coverages.MedPmLimit']'
2017/09/14 17:40:35.705;TRACE;(ObjectRepository.java:81);Found the identifer for the object 'lstUninsuredPD', the identifer is 'xpath' and the value is '//select[@fieldref='Coverages.UMPDLimit']'
2017/09/14 17:40:35.705;TRACE;(ObjectRepository.java:81);Found the identifer for the object 'lstMedPay', the identifer is 'xpath' and the value is '//select[@fieldref='FSBLimits.FirstPartyMedicalPayments']
			'
2017/09/14 17:40:35.705;TRACE;(ObjectRepository.java:81);Found the identifer for the object 'lstFuneral', the identifer is 'xpath' and the value is '//select[@fieldref='FSBLimits.FirstPartyFuneral']'
2017/09/14 17:40:35.705;TRACE;(ObjectRepository.java:81);Found the identifer for the object 'lstPD', the identifer is 'xpath' and the value is '//select[@fieldref='Coverages.PDLimits']'
2017/09/14 17:40:35.706;TRACE;(ObjectRepository.java:81);Found the identifer for the object 'lstWKLoss', the identifer is 'xpath' and the value is '//select[@fieldref='FSBLimits.FirstPartyWKLoss']'
2017/09/14 17:40:35.706;TRACE;(ObjectRepository.java:81);Found the identifer for the object 'lstAccDeath', the identifer is 'xpath' and the value is '//select[@fieldref='FSBLimits.FirstPartyAccidentalDeath']
			'
2017/09/14 17:40:35.706;TRACE;(ObjectRepository.java:81);Found the identifer for the object 'lstTortOption', the identifer is 'xpath' and the value is '//select[@fieldref='Tort.TortOption']'
2017/09/14 17:40:35.706;TRACE;(ObjectRepository.java:81);Found the identifer for the object 'lstExtraordinaryMedical', the identifer is 'xpath' and the value is '//select[@fieldref='Coverages.ExtraordinaryMed']'
2017/09/14 17:40:35.706;TRACE;(ObjectRepository.java:81);Found the identifer for the object 'lstUnderInsuredStackOption', the identifer is 'xpath' and the value is '//select[@fieldref='Coverages.UIMStacked']'
2017/09/14 17:40:35.706;TRACE;(ObjectRepository.java:81);Found the identifer for the object 'lstUnInsuredStackOption', the identifer is 'xpath' and the value is '//select[@fieldref='Coverages.UMStacked']'
2017/09/14 17:40:35.706;TRACE;(ObjectRepository.java:81);Found the identifer for the object 'lstUnderInsuredBI', the identifer is 'xpath' and the value is '//select[@fieldref='Coverages.UIMLimit']'
2017/09/14 17:40:35.707;TRACE;(ObjectRepository.java:81);Found the identifer for the object 'lstUnInsuredBI', the identifer is 'xpath' and the value is '//select[@fieldref='Coverages.UMLimit']'
2017/09/14 17:40:35.707;TRACE;(ObjectRepository.java:81);Found the identifer for the object 'lstPriorBILimit', the identifer is 'xpath' and the value is '//select[@fieldref='PolicyInput.PriorBILimit' and
				@fielditems='Prior BI Limit_string_req_']
			'
2017/09/14 17:40:35.707;TRACE;(ObjectRepository.java:81);Found the identifer for the object 'chkAccountCredit', the identifer is 'xpath' and the value is '(//input[@fieldref='PolicyInput.AccountCredit'])[2]'
2017/09/14 17:40:35.707;TRACE;(ObjectRepository.java:81);Found the identifer for the object 'txtAccountCreditPolicynumber', the identifer is 'xpath' and the value is '//input[@fieldref='OtherPolicy.PolicyNumber']'
2017/09/14 17:40:35.707;TRACE;(ObjectRepository.java:81);Found the identifer for the object 'lstIsHomeOwnerPolicy', the identifer is 'xpath' and the value is '//select[@fieldref='PolicyInput.PAC_HOPPolicyFormQuestion']
			'
2017/09/14 17:40:35.707;TRACE;(ObjectRepository.java:81);Found the identifer for the object 'btnAddViewEndorsements', the identifer is 'xpath' and the value is '//a[contains(text(),'Add/View Endorsements')]'
2017/09/14 17:40:35.707;TRACE;(ObjectRepository.java:81);Found the identifer for the object 'lnkCoverageDetails', the identifer is 'xpath' and the value is '//div[contains(@class,'x-grid3-row')]//a[contains(text(),'Detail')]
			'
2017/09/14 17:40:35.707;TRACE;(ObjectRepository.java:81);Found the identifer for the object 'divAssignedDriver', the identifer is 'xpath' and the value is '//div[@id='interviewList_VehiclePrivate.AssignedDriverID']
			'
2017/09/14 17:40:35.707;TRACE;(ObjectRepository.java:81);Found the identifer for the object 'lstAssignedDriver', the identifer is 'xpath' and the value is '//select[@fieldref='VehiclePrivate.AssignedDriverID']'
2017/09/14 17:40:35.708;TRACE;(ObjectRepository.java:81);Found the identifer for the object 'lstOperatorStatus', the identifer is 'xpath' and the value is '//select[@fieldref='VehicleInput.OperatorStatus']'
2017/09/14 17:40:35.708;TRACE;(ObjectRepository.java:81);Found the identifer for the object 'lstcompDed', the identifer is 'xpath' and the value is '//select[@fieldref='ComprehensiveInput.Deductible']'
2017/09/14 17:40:35.708;TRACE;(ObjectRepository.java:81);Found the identifer for the object 'lstCollDed', the identifer is 'xpath' and the value is '//select[@fieldref='CollisionInput.Deductible']'
2017/09/14 17:40:35.708;TRACE;(ObjectRepository.java:81);Found the identifer for the object 'chkAU0015AutoAdvantage', the identifer is 'xpath' and the value is '(//input[@fieldref='MBPP15Input.Limit'])[2]'
2017/09/14 17:40:35.708;TRACE;(ObjectRepository.java:81);Found the identifer for the object 'lstTowing', the identifer is 'xpath' and the value is '//select[@fieldref='TowingAndLaborInput.Limit']'
2017/09/14 17:40:35.708;TRACE;(ObjectRepository.java:81);Found the identifer for the object 'lstRental', the identifer is 'xpath' and the value is '//select[@fieldref='RentalReimbursementInput.Limit']'
2017/09/14 17:40:35.708;TRACE;(ObjectRepository.java:81);Found the identifer for the object 'chkExcludeLibility', the identifer is 'xpath' and the value is '(//input[@fieldref='VehicleCoverages.ExcludeLiability'])[2]'
2017/09/14 17:40:35.708;TRACE;(ObjectRepository.java:81);Found the identifer for the object 'chkReplacementCostcoverage', the identifer is 'xpath' and the value is '//input[@fieldref='VehicleInput.ReplacementCostCoverageReadOnly']
			'
2017/09/14 17:40:35.709;TRACE;(ObjectRepository.java:81);Found the identifer for the object 'chkLimitedMexicoCoverage', the identifer is 'xpath' and the value is '//input[@fieldref='VehicleInput.PP0321Limit"']'
2017/09/14 17:40:35.709;TRACE;(ObjectRepository.java:81);Found the identifer for the object 'lstExcludeReason', the identifer is 'xpath' and the value is '//select[@fieldref='VehicleCoverages.ExcludeLiabilityReasons']'
2017/09/14 17:40:35.709;TRACE;(ObjectRepository.java:81);Found the identifer for the object 'txtExcludeReasonDescription', the identifer is 'xpath' and the value is '//input[@fieldref='VehicleCoverages.OtherReasonDescription']'
2017/09/14 17:40:35.709;TRACE;(ObjectRepository.java:81);Found the identifer for the object 'divPremium_PageTitle', the identifer is 'xpath' and the value is '//div[contains(text(),'Premium')]'
2017/09/14 17:40:35.709;TRACE;(ObjectRepository.java:81);Found the identifer for the object 'btnCompleteApplication', the identifer is 'xpath' and the value is '//a[contains(text(),'Complete Application')]'
2017/09/14 17:40:35.709;TRACE;(ObjectRepository.java:81);Found the identifer for the object 'divAdditionalIntrest_PageTitle', the identifer is 'xpath' and the value is '//div[contains(text(),'Additional Interests')]'
2017/09/14 17:40:35.709;TRACE;(ObjectRepository.java:81);Found the identifer for the object 'divUnderWriting_PageTitle', the identifer is 'xpath' and the value is '//div[contains(text(),'Underwriting')]'
2017/09/14 17:40:35.709;TRACE;(ObjectRepository.java:81);Found the identifer for the object 'lstGeneralInfoYesNO', the identifer is 'xpath' and the value is '//select[@fieldref='GeneralInformationInput.YesNo']'
2017/09/14 17:40:35.709;TRACE;(ObjectRepository.java:81);Found the identifer for the object 'lstUW_OtherOwnerVehicleNumber', the identifer is 'xpath' and the value is '//Select[@fieldref='NameOfOtherOwnerInput.VehicleNumber']'
2017/09/14 17:40:35.709;TRACE;(ObjectRepository.java:81);Found the identifer for the object 'txtUW_OtherOwnerName', the identifer is 'xpath' and the value is '//Input[@fieldref='NameOfOtherOwnerInput.NameOfOtherOwner']'
2017/09/14 17:40:35.710;TRACE;(ObjectRepository.java:81);Found the identifer for the object 'lstUW_CarModifiedVehicleNumber', the identifer is 'xpath' and the value is '//Select[@fieldref='CarModifiedInput.VehicleNumber']'
2017/09/14 17:40:35.710;TRACE;(ObjectRepository.java:81);Found the identifer for the object 'txtUW_CarModifiedDescription', the identifer is 'xpath' and the value is '//Input[@fieldref='CarModifiedInput.Description']'
2017/09/14 17:40:35.710;TRACE;(ObjectRepository.java:81);Found the identifer for the object 'txtUW_CarModifiedCost', the identifer is 'xpath' and the value is '//Input[@fieldref='CarModifiedInput.Cost']'
2017/09/14 17:40:35.710;TRACE;(ObjectRepository.java:81);Found the identifer for the object 'lstUW_ExistingDamageVehicleNumber', the identifer is 'xpath' and the value is '//Select[@fieldref='ExistingDamageInput.VehicleNumber']'
2017/09/14 17:40:35.710;TRACE;(ObjectRepository.java:81);Found the identifer for the object 'txtUW_ExistingDamageDescription', the identifer is 'xpath' and the value is '//Input[@fieldref='ExistingDamageInput.Description']'
2017/09/14 17:40:35.710;TRACE;(ObjectRepository.java:81);Found the identifer for the object 'lstUW_OtherLossesDriverNumber', the identifer is 'xpath' and the value is '//Select[@fieldref='OtherLossesInput.DriverNumber']'
2017/09/14 17:40:35.710;TRACE;(ObjectRepository.java:81);Found the identifer for the object 'txtUW_OtherLossesDescription', the identifer is 'xpath' and the value is '//Input[@fieldref='OtherLossesInput.Description']'
2017/09/14 17:40:35.710;TRACE;(ObjectRepository.java:81);Found the identifer for the object 'txtUW_OtherLossesCost', the identifer is 'xpath' and the value is '//Input[@fieldref='OtherLossesInput.Cost']'
2017/09/14 17:40:35.710;TRACE;(ObjectRepository.java:81);Found the identifer for the object 'txtUW_GenInfoOperatorsNum', the identifer is 'xpath' and the value is '//Input[@fieldref='GeneralInformationInput.NumberOfOperators']'
2017/09/14 17:40:35.710;TRACE;(ObjectRepository.java:81);Found the identifer for the object 'txtUW_OtherInsuranceNamedInsured', the identifer is 'xpath' and the value is '//Input[@fieldref='OtherInsuranceInput.NamedInsured']'
2017/09/14 17:40:35.710;TRACE;(ObjectRepository.java:81);Found the identifer for the object 'txtUW_OtherInsuranceYear', the identifer is 'xpath' and the value is '//Input[@fieldref='OtherInsuranceInput.Year']'
2017/09/14 17:40:35.711;TRACE;(ObjectRepository.java:81);Found the identifer for the object 'txtUW_OtherInsuranceMake', the identifer is 'xpath' and the value is '//Input[@fieldref='OtherInsuranceInput.Make']'
2017/09/14 17:40:35.711;TRACE;(ObjectRepository.java:81);Found the identifer for the object 'txtUW_OtherInsuranceModel', the identifer is 'xpath' and the value is '//Input[@fieldref='OtherInsuranceInput.Model']'
2017/09/14 17:40:35.711;TRACE;(ObjectRepository.java:81);Found the identifer for the object 'txtUW_OtherInsuranceCarrier', the identifer is 'xpath' and the value is '//Input[@fieldref='OtherInsuranceInput.Carrier']'
2017/09/14 17:40:35.711;TRACE;(ObjectRepository.java:81);Found the identifer for the object 'txtUW_OtherInsuranceNAIC', the identifer is 'xpath' and the value is '//Input[@fieldref='OtherInsuranceInput.NAICCode']'
2017/09/14 17:40:35.711;TRACE;(ObjectRepository.java:81);Found the identifer for the object 'txtUW_OtherInsurancePolicyNum', the identifer is 'xpath' and the value is '//Input[@fieldref='OtherInsuranceInput.PolicyNumber']'
2017/09/14 17:40:35.711;TRACE;(ObjectRepository.java:81);Found the identifer for the object 'txtUW_OtherInsuranceMBGPolicyNum', the identifer is 'xpath' and the value is '//Input[@fieldref='OtherInsuranceMBGInput.PolicyNumber']'
2017/09/14 17:40:35.712;TRACE;(ObjectRepository.java:81);Found the identifer for the object 'txtUW_OtherInsuranceMBGInsType', the identifer is 'xpath' and the value is '//Input[@fieldref='OtherInsuranceMBGInput.TypeOfInsurance']'
2017/09/14 17:40:35.712;TRACE;(ObjectRepository.java:81);Found the identifer for the object 'lstUW_MilitaryServiceDriverNumber', the identifer is 'xpath' and the value is '//Select[@fieldref='MilitaryServiceInput.DriverNumber']'
2017/09/14 17:40:35.712;TRACE;(ObjectRepository.java:81);Found the identifer for the object 'txtUW_MilitaryServiceBaseLocation', the identifer is 'xpath' and the value is '//Input[@fieldref='MilitaryServiceInput.BaseLocation']'
2017/09/14 17:40:35.712;TRACE;(ObjectRepository.java:81);Found the identifer for the object 'lstUW_MilitaryServiceVehicleAtBase', the identifer is 'xpath' and the value is '//Select[@fieldref='MilitaryServiceInput.VehicleAtBase']'
2017/09/14 17:40:35.712;TRACE;(ObjectRepository.java:81);Found the identifer for the object 'lstUW_LicenseSuspendedDriverNumber', the identifer is 'xpath' and the value is '//Select[@fieldref='LicenseSuspendedInput.DriverNumber']'
2017/09/14 17:40:35.712;TRACE;(ObjectRepository.java:81);Found the identifer for the object 'txtUW_LicenseSuspendedStartDate', the identifer is 'xpath' and the value is '//Input[@fieldref='LicenseSuspendedInput.StartDate']'
2017/09/14 17:40:35.713;TRACE;(ObjectRepository.java:81);Found the identifer for the object 'txtUW_LicenseSuspendedEndDate', the identifer is 'xpath' and the value is '//Input[@fieldref='LicenseSuspendedInput.EndDate']'
2017/09/14 17:40:35.713;TRACE;(ObjectRepository.java:81);Found the identifer for the object 'txtUW_LicenseSuspendedExplanation', the identifer is 'xpath' and the value is '//Input[@fieldref='LicenseSuspendedInput.Explanation']'
2017/09/14 17:40:35.713;TRACE;(ObjectRepository.java:81);Found the identifer for the object 'txtUW_LicenseSuspendedReinstateDate', the identifer is 'xpath' and the value is '//Input[@fieldref='LicenseSuspendedInput.ReinstateDate']'
2017/09/14 17:40:35.713;TRACE;(ObjectRepository.java:81);Found the identifer for the object 'lstUW_ImpairmentDriverNumber', the identifer is 'xpath' and the value is '//Select[@fieldref='DriverImpairmentInput.DriverNumber']'
2017/09/14 17:40:35.713;TRACE;(ObjectRepository.java:81);Found the identifer for the object 'txtUW_ImpairmentDescription', the identifer is 'xpath' and the value is '//Input[@fieldref='DriverImpairmentInput.Description']'
2017/09/14 17:40:35.713;TRACE;(ObjectRepository.java:81);Found the identifer for the object 'lstUW_MedicalTreatmentDriverNumber', the identifer is 'xpath' and the value is '//Select[@fieldref='MedicalTreatmentInput.DriverNumber']'
2017/09/14 17:40:35.713;TRACE;(ObjectRepository.java:81);Found the identifer for the object 'txtUW_MedicalTreatmentExplanation', the identifer is 'xpath' and the value is '//Input[@fieldref='MedicalTreatmentInput.Explanation']'
2017/09/14 17:40:35.714;TRACE;(ObjectRepository.java:81);Found the identifer for the object 'lstUW_FinancialFilingDriverNumber', the identifer is 'xpath' and the value is '//Select[@fieldref='FinancialFilingInput.DriverNumber']'
2017/09/14 17:40:35.714;TRACE;(ObjectRepository.java:81);Found the identifer for the object 'txtUW_FinancialFilingReason', the identifer is 'xpath' and the value is '//Input[@fieldref='FinancialFilingInput.Reason']'
2017/09/14 17:40:35.714;TRACE;(ObjectRepository.java:81);Found the identifer for the object 'txtUW_FinancialFilingFilingDate', the identifer is 'xpath' and the value is '//Input[@fieldref='FinancialFilingInput.FilingDate']'
2017/09/14 17:40:35.714;TRACE;(ObjectRepository.java:81);Found the identifer for the object 'lstUW_CoverageDeclinedDriverNumber', the identifer is 'xpath' and the value is '//Select[@fieldref='CoverageDeclinedInput.DriverNumber']'
2017/09/14 17:40:35.714;TRACE;(ObjectRepository.java:81);Found the identifer for the object 'txtUW_CoverageDeclinedReason', the identifer is 'xpath' and the value is '//Input[@fieldref='CoverageDeclinedInput.Reason']'
2017/09/14 17:40:35.715;TRACE;(ObjectRepository.java:81);Found the identifer for the object 'lstUW_LegalActionDriverNumber', the identifer is 'xpath' and the value is '//Select[@fieldref='LegalActionInput.DriverNumber']'
2017/09/14 17:40:35.715;TRACE;(ObjectRepository.java:81);Found the identifer for the object 'txtUW_LegalActionExplanation', the identifer is 'xpath' and the value is '//Input[@fieldref='LegalActionInput.Explanation']'
2017/09/14 17:40:35.715;TRACE;(ObjectRepository.java:81);Found the identifer for the object 'lstUW_WithoutLiabilityDriverNumber', the identifer is 'xpath' and the value is '//Select[@fieldref='DrivenWithoutLiabilityInput.DriverNumber']'
2017/09/14 17:40:35.715;TRACE;(ObjectRepository.java:81);Found the identifer for the object 'txtUW_WithoutLiabilityExplanation', the identifer is 'xpath' and the value is '//Input[@fieldref='DrivenWithoutLiabilityInput.Explanation']'
2017/09/14 17:40:35.715;TRACE;(ObjectRepository.java:81);Found the identifer for the object 'btnQuestionsComplete', the identifer is 'xpath' and the value is '//a[contains(text(),'Questions Complete')]'
2017/09/14 17:40:35.716;TRACE;(ObjectRepository.java:81);Found the identifer for the object 'btnUW_EditQuestions', the identifer is 'xpath' and the value is '//a[contains(text(),'Edit Questions')]'
2017/09/14 17:40:35.716;TRACE;(ObjectRepository.java:81);Found the identifer for the object 'divGeneralInfo_PageTitle', the identifer is 'xpath' and the value is '//div[contains(text(),'General Information')]'
2017/09/14 17:40:35.716;TRACE;(ObjectRepository.java:81);Found the identifer for the object 'lstCarrier', the identifer is 'xpath' and the value is '//select[@fieldref='OtherPolicy.PriorCarrierSelect']'
2017/09/14 17:40:35.716;TRACE;(ObjectRepository.java:81);Found the identifer for the object 'lstYearsWithCompany', the identifer is 'xpath' and the value is '//select[@fieldref='OtherPolicy.NumYearsWithPriorCarrierSelect']
			'
2017/09/14 17:40:35.716;TRACE;(ObjectRepository.java:81);Found the identifer for the object 'lstExpirationDate', the identifer is 'xpath' and the value is '//select[@fieldref='OtherPolicy.ExpirationDateSelect']'
2017/09/14 17:40:35.717;TRACE;(ObjectRepository.java:81);Found the identifer for the object 'txtPriorPolicyNumber', the identifer is 'xpath' and the value is '//input[@fieldref='OtherPolicy.PriorPolicyNumber']'
2017/09/14 17:40:35.717;TRACE;(ObjectRepository.java:81);Found the identifer for the object 'divSubmission_PageTitle', the identifer is 'xpath' and the value is '//div[contains(text(),'Submission')]'
2017/09/14 17:40:35.717;TRACE;(ObjectRepository.java:81);Found the identifer for the object 'chkMBGUmbrella', the identifer is 'xpath' and the value is '(//input[@fieldref='PolicyInput.MBGUmbrella'])[2]'
2017/09/14 17:40:35.717;TRACE;(ObjectRepository.java:81);Found the identifer for the object 'txtPolicyNumber', the identifer is 'xpath' and the value is '//input[@fieldref='OtherPolicy.UmbrellaPolicyNumber']'
2017/09/14 17:40:35.717;TRACE;(ObjectRepository.java:81);Found the identifer for the object 'btnValidateVins', the identifer is 'xpath' and the value is '//a[contains(text(),'Validate VIN(s)')]'
2017/09/14 17:40:35.717;TRACE;(ObjectRepository.java:81);Found the identifer for the object 'btnRefertoUnderWriting', the identifer is 'xpath' and the value is '//a[contains(text(),'Refer to Underwriting')]'
2017/09/14 17:40:35.718;TRACE;(ObjectRepository.java:81);Found the identifer for the object 'btnSubmission_BindAndSubmit', the identifer is 'xpath' and the value is '//a[contains(text(),'Bind and Submit')]'
2017/09/14 17:40:35.718;TRACE;(ObjectRepository.java:81);Found the identifer for the object 'btnMakeChanges', the identifer is 'xpath' and the value is '//a[contains(text(),'Make Changes')]'
2017/09/14 17:40:35.718;TRACE;(ObjectRepository.java:81);Found the identifer for the object 'divPaymentOptions_PageTitle', the identifer is 'xpath' and the value is '//div[contains(text(),'Payment Options')]'
2017/09/14 17:40:35.718;TRACE;(ObjectRepository.java:81);Found the identifer for the object 'btnPaymentOptions_ContinueWOPayment', the identifer is 'xpath' and the value is '//a[contains(text(),'Continue without Payment')]'
2017/09/14 17:40:35.718;TRACE;(ObjectRepository.java:81);Found the identifer for the object 'btnPaymentOptions_MakePayment', the identifer is 'xpath' and the value is '//a[contains(text(),'Make Payment')]'
2017/09/14 17:40:35.718;TRACE;(ObjectRepository.java:81);Found the identifer for the object 'spnPaymentOptions_PolicyNumber', the identifer is 'xpath' and the value is '//span[@fieldref='PolicyOutput.PolicyNumber']'
2017/09/14 17:40:35.718;TRACE;(ObjectRepository.java:81);Found the identifer for the object 'divThankYou_PageTitle', the identifer is 'xpath' and the value is '//div[contains(text(),'Thank You')]'
2017/09/14 17:40:35.718;TRACE;(ObjectRepository.java:81);Found the identifer for the object 'btnThankYou_Exit', the identifer is 'xpath' and the value is '//a[contains(text(),'Exit')]'
2017/09/14 17:40:35.718;TRACE;(ObjectRepository.java:81);Found the identifer for the object 'divTransAct_PageTitle', the identifer is 'xpath' and the value is '//div[contains(text(),'TransACT')]'
2017/09/14 17:40:35.719;TRACE;(ObjectRepository.java:81);Found the identifer for the object 'lstTransAct_TransactionType', the identifer is 'xpath' and the value is '//select[@fieldref='TransACTInput.TransactionTypeList']'
2017/09/14 17:40:35.719;TRACE;(ObjectRepository.java:81);Found the identifer for the object 'lnkTransAct_Go', the identifer is 'xpath' and the value is '//a[contains(text(),'Go')]'
2017/09/14 17:40:35.719;TRACE;(ObjectRepository.java:81);Found the identifer for the object 'lnkTransAct_EditPolicy', the identifer is 'xpath' and the value is '//a[@title='Edit Policy']'
2017/09/14 17:40:35.719;TRACE;(ObjectRepository.java:81);Found the identifer for the object 'txtTransActFrame_EffectiveDate', the identifer is 'xpath' and the value is '//input[@fieldref='TransACTInput.NewTransactionEffectiveDate']'
2017/09/14 17:40:35.719;TRACE;(ObjectRepository.java:81);Found the identifer for the object 'lstTransActFrame_Reason', the identifer is 'xpath' and the value is '//select[@fieldref='NewTransactionReason.NewTransactionReasonCodes']'
2017/09/14 17:40:35.719;TRACE;(ObjectRepository.java:81);Found the identifer for the object 'lstTransActFrame_Detail', the identifer is 'xpath' and the value is '//select[@fieldref='NewTransactionReason.NewTransactionReasonsShow']'
2017/09/14 17:40:35.719;TRACE;(ObjectRepository.java:81);Found the identifer for the object 'lnkTransActFrame_OK', the identifer is 'xpath' and the value is '//a[contains(text(),'OK')]'
2017/09/14 17:40:35.719;TRACE;(ObjectRepository.java:103);Fetched the identifier with the object name 'txtLogin_UserName' and the value is 'xpath'
2017/09/14 17:40:35.719;TRACE;(ObjectRepository.java:130);Fetched the identifier value with the object name 'txtLogin_UserName' and the value is '//input[@id='username']'
2017/09/14 17:40:35.719;TRACE;(WebActions.java:1511);WebDriver : User has specified xpath
2017/09/14 17:40:35.740;TRACE;(WebActions.java:1513);WebDriver : Found the element using xpath
2017/09/14 17:40:35.766;TRACE;(ObjectRepository.java:130);Fetched the identifier value with the object name 'txtLogin_UserName' and the value is '//input[@id='username']'
2017/09/14 17:40:35.766;TRACE;(WebActions.java:607);Waiting for element [//input[@id='username']] to be present
2017/09/14 17:40:35.767;TRACE;(Config.java:91);Try to fecth the content form Configuration file with keyElementWaitTime
2017/09/14 17:40:35.767;TRACE;(Config.java:93);Fetching the value from the Configuration file with key 'ElementWaitTime' and the result is '10000'
2017/09/14 17:40:35.767;TRACE;(ObjectRepository.java:130);Fetched the identifier value with the object name 'txtLogin_UserName' and the value is '//input[@id='username']'
2017/09/14 17:40:35.767;DEBUG;(WebActions.java:1766);Executing command [waitForElementPresent] with timeout [10000], Element [//input[@id='username']]
2017/09/14 17:40:35.767;TRACE;(ObjectRepository.java:103);Fetched the identifier with the object name 'txtLogin_UserName' and the value is 'xpath'
2017/09/14 17:40:35.767;TRACE;(ObjectRepository.java:130);Fetched the identifier value with the object name 'txtLogin_UserName' and the value is '//input[@id='username']'
2017/09/14 17:40:35.767;TRACE;(WebActions.java:1511);WebDriver : User has specified xpath
2017/09/14 17:40:35.776;TRACE;(WebActions.java:1513);WebDriver : Found the element using xpath
2017/09/14 17:40:35.776;TRACE;(WebActions.java:1777);Current attempt #1 to find element [txtLogin_UserName]
2017/09/14 17:40:35.783; INFO;(WebActions.java:1782);Found element [txtLogin_UserName] after [1] iterations
2017/09/14 17:40:35.784;TRACE;(WebActions.java:614);Element [//input[@id='username']] is found
2017/09/14 17:40:35.784;TRACE;(WebActions.java:615);Executing command: [clear Text]
2017/09/14 17:40:35.784;TRACE;(ObjectRepository.java:103);Fetched the identifier with the object name 'txtLogin_UserName' and the value is 'xpath'
2017/09/14 17:40:35.784;TRACE;(ObjectRepository.java:130);Fetched the identifier value with the object name 'txtLogin_UserName' and the value is '//input[@id='username']'
2017/09/14 17:40:35.785;TRACE;(WebActions.java:1511);WebDriver : User has specified xpath
2017/09/14 17:40:35.792;TRACE;(WebActions.java:1513);WebDriver : Found the element using xpath
2017/09/14 17:40:35.811; INFO;(WebActions.java:618);[ClearText] executed on [//input[@id='username']]
2017/09/14 17:40:35.812;ERROR;(WebActions.java:1411);Exception::
java.lang.NullPointerException
	at com.epam.fixtures.WebActions.preTestStep(WebActions.java:139)
	at com.epam.fixtures.WebActions.throwTDException(WebActions.java:1352)
	at com.epam.fixtures.WebActions.type(WebActions.java:1372)
	at com.epam.businesslibs.LoginToMBG.LoginAsAgent(LoginToMBG.java:39)
	at com.epam.scenarios.NewBusiness.loginToMBGroup(NewBusiness.java:54)
	at sun.reflect.NativeMethodAccessorImpl.invoke0(Native Method)
	at sun.reflect.NativeMethodAccessorImpl.invoke(Unknown Source)
	at sun.reflect.DelegatingMethodAccessorImpl.invoke(Unknown Source)
	at java.lang.reflect.Method.invoke(Unknown Source)
	at org.testng.internal.MethodInvocationHelper.invokeMethod(MethodInvocationHelper.java:85)
	at org.testng.internal.Invoker.invokeMethod(Invoker.java:639)
	at org.testng.internal.Invoker.invokeTestMethod(Invoker.java:821)
	at org.testng.internal.Invoker.invokeTestMethods(Invoker.java:1131)
	at org.testng.internal.TestMethodWorker.invokeTestMethods(TestMethodWorker.java:124)
	at org.testng.internal.TestMethodWorker.run(TestMethodWorker.java:108)
	at org.testng.TestRunner.privateRun(TestRunner.java:773)
	at org.testng.TestRunner.run(TestRunner.java:623)
	at org.testng.SuiteRunner.runTest(SuiteRunner.java:357)
	at org.testng.SuiteRunner.runSequentially(SuiteRunner.java:352)
	at org.testng.SuiteRunner.privateRun(SuiteRunner.java:310)
	at org.testng.SuiteRunner.run(SuiteRunner.java:259)
	at org.testng.SuiteRunnerWorker.runSuite(SuiteRunnerWorker.java:52)
	at org.testng.SuiteRunnerWorker.run(SuiteRunnerWorker.java:86)
	at org.testng.TestNG.runSuitesSequentially(TestNG.java:1185)
	at org.testng.TestNG.runSuitesLocally(TestNG.java:1110)
	at org.testng.TestNG.run(TestNG.java:1018)
	at org.testng.remote.AbstractRemoteTestNG.run(AbstractRemoteTestNG.java:132)
	at org.testng.remote.RemoteTestNG.initAndRun(RemoteTestNG.java:230)
	at org.testng.remote.RemoteTestNG.main(RemoteTestNG.java:76)
2017/09/14 17:40:35.814;TRACE;(Config.java:91);Try to fecth the content form Configuration file with keyCaptureScreenShot
2017/09/14 17:40:35.814;TRACE;(Config.java:93);Fetching the value from the Configuration file with key 'CaptureScreenShot' and the result is 'FAIL'
2017/09/14 17:40:35.815;ERROR;(LoginToMBG.java:71);Exception in LoginAsAgent method in  LoginToMBG page
2017/09/14 17:40:35.816;TRACE;(Config.java:91);Try to fecth the content form Configuration file with keyCaptureScreenShot
2017/09/14 17:40:35.816;TRACE;(Config.java:93);Fetching the value from the Configuration file with key 'CaptureScreenShot' and the result is 'FAIL'
2017/09/14 17:40:35.816;TRACE;(Config.java:91);Try to fecth the content form Configuration file with keyCaptureScreenShot
2017/09/14 17:40:35.816;TRACE;(Config.java:93);Fetching the value from the Configuration file with key 'CaptureScreenShot' and the result is 'FAIL'
2017/09/14 17:40:35.831;TRACE;(Config.java:91);Try to fecth the content form Configuration file with keytestSuiteExecutionEngine
2017/09/14 17:40:35.831;TRACE;(Config.java:93);Fetching the value from the Configuration file with key 'testSuiteExecutionEngine' and the result is 'Selenium Webdriver'
2017/09/14 17:40:39.428; INFO;(SetupSelenium.java:323);Successfully closed the browser and Web Driver instance
